Added Component: Designator=10uF(C0805)
Added Component: Designator=100nF(C0805)
Added Component: Designator=A(XCVR_ESP32-WROVER-I)
Added Component: Designator=BT?(HDR1X2)
Added Component: Designator=C?(C1206)
Added Component: Designator=C?(C1206)
Added Component: Designator=D?(DIODE/NOM/0.5A)
Added Component: Designator=D(SOT23)
Added Component: Designator=IC?(SO-8)
Added Component: Designator=IC?(DIP8/W0.3)
Added Component: Designator=LED?(HDR1X2)
Added Component: Designator=P?(HDR1X8)
Added Component: Designator=P?(Medium - Header 2)
Added Component: Designator=P?(Medium - Header 2)
Added Component: Designator=Q1(TO-220)
Added Component: Designator=R?(DIEN TRO 1/4 W)
Added Component: Designator=R?(DIEN TRO 1/4 W)
Added Component: Designator=R?(DIEN TRO 1/4 W)
Added Component: Designator=R?(DIEN TRO 1/4 W)
Added Component: Designator=R?(DIEN TRO 1/4 W)
Added Component: Designator=R?(DIEN TRO 1/4 W)
Added Component: Designator=R?(DIEN TRO 1/4 W)
Added Component: Designator=R?(DIEN TRO 1/4 W)
Added Component: Designator=R?(DIEN TRO 1/4 W)
Added Component: Designator=R?(DIEN TRO 1/4 W)
Added Component: Designator=RL?(RL_SPDT_10A)
Added Component: Designator=RL?(RL_SPDT_10A)
Added Component: Designator=SW?(SW-4P-S)
Added Component: Designator=(HLK-PM01)
Added Component: Designator=U?(PhotoCoupler)
Added Component: Designator=Y?(XTAL)
Added Pin To Net: NetName=3.3V Pin=C?-2
Added Pin To Net: NetName=3.3V Pin=IC?-8
Added Pin To Net: NetName=3.3V Pin=R?-1
Added Pin To Net: NetName=3.3V Pin=R?-2
Added Pin To Net: NetName=3.3V Pin=R?-2
Added Pin To Net: NetName=3.3V Pin=R?-2
Added Pin To Net: NetName=3.3V Pin=R?-2
Added Net: Name=3.3V
Added Pin To Net: NetName=5V Pin=10uF-2
Added Pin To Net: NetName=5V Pin=100nF-2
Added Net: Name=5V
Added Pin To Net: NetName=GND Pin=10uF-1
Added Pin To Net: NetName=GND Pin=100nF-1
Added Pin To Net: NetName=GND Pin=BT?-2
Added Pin To Net: NetName=GND Pin=C?-1
Added Pin To Net: NetName=GND Pin=C?-1
Added Pin To Net: NetName=GND Pin=D-3
Added Pin To Net: NetName=GND Pin=IC?-4
Added Pin To Net: NetName=GND Pin=IC?-5
Added Pin To Net: NetName=GND Pin=Q1-3
Added Pin To Net: NetName=GND Pin=R?-2
Added Net: Name=GND
Added Pin To Net: NetName=NetBT?_1 Pin=BT?-1
Added Pin To Net: NetName=NetBT?_1 Pin=IC?-3
Added Net: Name=NetBT?_1
Added Pin To Net: NetName=NetC?_2 Pin=C?-2
Added Pin To Net: NetName=NetC?_2 Pin=D?-1
Added Pin To Net: NetName=NetC?_2 Pin=Q1-1
Added Pin To Net: NetName=NetC?_2 Pin=R?-2
Added Net: Name=NetC?_2
Added Pin To Net: NetName=NetD?_2 Pin=D?-2
Added Pin To Net: NetName=NetD?_2 Pin=IC?-4
Added Pin To Net: NetName=NetD?_2 Pin=R?-1
Added Net: Name=NetD?_2
Added Pin To Net: NetName=NetD_1 Pin=D-1
Added Pin To Net: NetName=NetD_1 Pin=IC?-7
Added Pin To Net: NetName=NetD_1 Pin=R?-1
Added Pin To Net: NetName=NetD_1 Pin=R?-1
Added Pin To Net: NetName=NetD_1 Pin=R?-2
Added Net: Name=NetD_1
Added Pin To Net: NetName=NetD_2 Pin=D-2
Added Pin To Net: NetName=NetD_2 Pin=IC?-6
Added Pin To Net: NetName=NetD_2 Pin=R?-1
Added Pin To Net: NetName=NetD_2 Pin=R?-1
Added Pin To Net: NetName=NetD_2 Pin=R?-2
Added Net: Name=NetD_2
Added Pin To Net: NetName=NetIC?_1 Pin=IC?-1
Added Pin To Net: NetName=NetIC?_1 Pin=R?-1
Added Net: Name=NetIC?_1
Added Pin To Net: NetName=NetIC?_2 Pin=IC?-2
Added Pin To Net: NetName=NetIC?_2 Pin=IC?-3
Added Pin To Net: NetName=NetIC?_2 Pin=Q1-2
Added Pin To Net: NetName=NetIC?_2 Pin=R?-1
Added Net: Name=NetIC?_2
Added Pin To Net: NetName=NetIC?_5 Pin=IC?-5
Added Pin To Net: NetName=NetIC?_5 Pin=R?-1
Added Net: Name=NetIC?_5
Added Pin To Net: NetName=NetIC?_6 Pin=IC?-6
Added Pin To Net: NetName=NetIC?_6 Pin=R?-1
Added Net: Name=NetIC?_6
Added Pin To Net: NetName=VCC Pin=IC?-8
Added Net: Name=VCC
Added Class: Name=Sheet1
Added Room: Name=Sheet1
