Added Component: Designator=1(SOT23-3)
Added Component: Designator=2(HLK 220-12)
Added Component: Designator=A1(XCVR_ESP32-WROVER-I)
Added Component: Designator=BT1(DE PINCR1220)
Added Component: Designator=BUTTON1(BUTTON_4_PIN)
Added Component: Designator=C1(Tu 0603)
Added Component: Designator=C2(C1210)
Added Component: Designator=C3(Tu 0603)
Added Component: Designator=C4(Tu 0603)
Added Component: Designator=C5(Tu 0603)
Added Component: Designator=C6(Tu 0603)
Added Component: Designator=C7(Tu 0603)
Added Component: Designator=C8(Tu 0603)
Added Component: Designator=C9(Tu 0603)
Added Component: Designator=C10(Tu 0603)
Added Component: Designator=C11(Tu 0603)
Added Component: Designator=C12(Tu 0603)
Added Component: Designator=C13(C1210)
Added Component: Designator=C14(C1210)
Added Component: Designator=C15(Tu 0603)
Added Component: Designator=C16(C1210)
Added Component: Designator=C17(Tu 0603)
Added Component: Designator=C18(Tu 0603)
Added Component: Designator=C19(C1210)
Added Component: Designator=C20(C1210)
Added Component: Designator=C21(Tu 0603)
Added Component: Designator=C22(C1210)
Added Component: Designator=C23(Tu 0603)
Added Component: Designator=C24(C1210)
Added Component: Designator=C25(Tu 0603)
Added Component: Designator=C26(C1210)
Added Component: Designator=D1(DIOAD1060W80L520D270)
Added Component: Designator=D2(DIOAD1060W80L520D270)
Added Component: Designator=F1(1812)
Added Component: Designator=F2(1812)
Added Component: Designator=F3(1812)
Added Component: Designator=F4(FUSE_10A)
Added Component: Designator=HEADER1(OV2640_0.5mm)
Added Component: Designator=HEADER2(CONG_NAP)
Added Component: Designator=HEADER3(CAT6_3.5mm)
Added Component: Designator=IC1(SO-8)
Added Component: Designator=L1(CUON CAM 200mil)
Added Component: Designator=LED1(LED_SMD_0603 - duplicate1)
Added Component: Designator=LED2(LED_SMD_0603 - duplicate1)
Added Component: Designator=LED3(LED_SMD_0603 - duplicate1)
Added Component: Designator=LED4(LED_SMD_0603 - duplicate1)
Added Component: Designator=P1(Medium - Header 2)
Added Component: Designator=P2(Medium - Header 2)
Added Component: Designator=Q1(TO220BV)
Added Component: Designator=Q2(SOT95P240X111-3N)
Added Component: Designator=Q3(SOT95P240X111-3N)
Added Component: Designator=R1(TRO SMD 0603)
Added Component: Designator=R2(TRO SMD 0603)
Added Component: Designator=R3(TRO SMD 0603)
Added Component: Designator=R4(DIEN TRO 0805)
Added Component: Designator=R5(TRO SMD 0603)
Added Component: Designator=R6(TRO SMD 0603)
Added Component: Designator=R7(TRO SMD 0603)
Added Component: Designator=R8(TRO SMD 0603)
Added Component: Designator=R9(TRO SMD 0603)
Added Component: Designator=R10(TRO SMD 0603)
Added Component: Designator=R11(TRO SMD 0603)
Added Component: Designator=R12(TRO SMD 0603)
Added Component: Designator=R13(TRO SMD 0603)
Added Component: Designator=R14(TRO SMD 0603)
Added Component: Designator=R15(TRO SMD 0603)
Added Component: Designator=R16(TRO SMD 0603)
Added Component: Designator=R17(TRO SMD 0603)
Added Component: Designator=R18(TRO SMD 0603)
Added Component: Designator=R19(TRO SMD 0603)
Added Component: Designator=R20(TRO SMD 0603)
Added Component: Designator=R21(TRO SMD 0603)
Added Component: Designator=R22(TRO SMD 0603)
Added Component: Designator=R23(DIEN TRO 0805)
Added Component: Designator=R24(TRO SMD 0603)
Added Component: Designator=R25(TRO SMD 0603)
Added Component: Designator=R26(TRO SMD 0603)
Added Component: Designator=R27(TRO SMD 0603)
Added Component: Designator=RESET1(BUTTON_4_PIN)
Added Component: Designator=RG1(Torex_https--www.torexsemi.com-file-SOT-23-SOT-23-pkg.pdf_0)
Added Component: Designator=RG2(Torex_https--www.torexsemi.com-file-SOT-23-SOT-23-pkg.pdf_0)
Added Component: Designator=RL1(RL_SPDT_10A)
Added Component: Designator=RL2(RL_SPDT_10A)
Added Component: Designator=U1(SOIC8)
Added Component: Designator=U2(SOIC254P1016X390-4N)
Added Component: Designator=U3(FR9888_SMD)
Added Component: Designator=U4(SOT229P700X180-4N)
Added Component: Designator=Y1(XTAL32K)
Added Pin To Net: NetName=+12V Pin=2-4
Added Pin To Net: NetName=+12V Pin=C11-1
Added Pin To Net: NetName=+12V Pin=C13-1
Added Pin To Net: NetName=+12V Pin=C14-1
Added Pin To Net: NetName=+12V Pin=C15-2
Added Pin To Net: NetName=+12V Pin=C18-2
Added Pin To Net: NetName=+12V Pin=D1-C
Added Pin To Net: NetName=+12V Pin=D2-C
Added Pin To Net: NetName=+12V Pin=HEADER3-1
Added Pin To Net: NetName=+12V Pin=HEADER3-2
Added Pin To Net: NetName=+12V Pin=R18-2
Added Pin To Net: NetName=+12V Pin=R22-2
Added Pin To Net: NetName=+12V Pin=R25-2
Added Pin To Net: NetName=+12V Pin=RL1-1
Added Pin To Net: NetName=+12V Pin=RL1-5
Added Pin To Net: NetName=+12V Pin=RL2-5
Added Pin To Net: NetName=+12V Pin=U3-2
Added Net: Name=+12V
Added Pin To Net: NetName=3.3V Pin=A1-2
Added Pin To Net: NetName=3.3V Pin=C4-1
Added Pin To Net: NetName=3.3V Pin=C6-2
Added Pin To Net: NetName=3.3V Pin=C7-1
Added Pin To Net: NetName=3.3V Pin=C19-1
Added Pin To Net: NetName=3.3V Pin=C23-1
Added Pin To Net: NetName=3.3V Pin=C26-1
Added Pin To Net: NetName=3.3V Pin=HEADER1-14
Added Pin To Net: NetName=3.3V Pin=HEADER2-1
Added Pin To Net: NetName=3.3V Pin=IC1-8
Added Pin To Net: NetName=3.3V Pin=R1-2
Added Pin To Net: NetName=3.3V Pin=R2-1
Added Pin To Net: NetName=3.3V Pin=R3-1
Added Pin To Net: NetName=3.3V Pin=R4-1
Added Pin To Net: NetName=3.3V Pin=R5-1
Added Pin To Net: NetName=3.3V Pin=R6-1
Added Pin To Net: NetName=3.3V Pin=R11-1
Added Pin To Net: NetName=3.3V Pin=R12-1
Added Pin To Net: NetName=3.3V Pin=R13-2
Added Pin To Net: NetName=3.3V Pin=R14-1
Added Pin To Net: NetName=3.3V Pin=R15-2
Added Pin To Net: NetName=3.3V Pin=R16-2
Added Pin To Net: NetName=3.3V Pin=R17-1
Added Pin To Net: NetName=3.3V Pin=RG1-3
Added Pin To Net: NetName=3.3V Pin=RG2-3
Added Pin To Net: NetName=3.3V Pin=U4-2
Added Net: Name=3.3V
Added Pin To Net: NetName=5V Pin=C2-1
Added Pin To Net: NetName=5V Pin=C3-1
Added Pin To Net: NetName=5V Pin=C16-1
Added Pin To Net: NetName=5V Pin=C22-1
Added Pin To Net: NetName=5V Pin=L1-2
Added Pin To Net: NetName=5V Pin=R23-1
Added Pin To Net: NetName=5V Pin=U1-8
Added Pin To Net: NetName=5V Pin=U4-3
Added Net: Name=5V
Added Pin To Net: NetName=220V_L Pin=2-1
Added Pin To Net: NetName=220V_L Pin=P1-2
Added Pin To Net: NetName=220V_L Pin=RL2-1
Added Net: Name=220V_L
Added Pin To Net: NetName=220V_N Pin=2-2
Added Pin To Net: NetName=220V_N Pin=P1-1
Added Pin To Net: NetName=220V_N Pin=P2-2
Added Net: Name=220V_N
Added Pin To Net: NetName=BT Pin=A1-25
Added Pin To Net: NetName=BT Pin=BUTTON1-1
Added Pin To Net: NetName=BT Pin=C8-1
Added Pin To Net: NetName=BT Pin=HEADER2-5
Added Pin To Net: NetName=BT Pin=R4-2
Added Net: Name=BT
Added Pin To Net: NetName=CAM_D0 Pin=A1-26
Added Pin To Net: NetName=CAM_D0 Pin=HEADER1-6
Added Net: Name=CAM_D0
Added Pin To Net: NetName=CAM_D1 Pin=A1-29
Added Pin To Net: NetName=CAM_D1 Pin=HEADER1-4
Added Net: Name=CAM_D1
Added Pin To Net: NetName=CAM_D2 Pin=A1-30
Added Pin To Net: NetName=CAM_D2 Pin=HEADER1-3
Added Net: Name=CAM_D2
Added Pin To Net: NetName=CAM_D3 Pin=A1-31
Added Pin To Net: NetName=CAM_D3 Pin=HEADER1-5
Added Net: Name=CAM_D3
Added Pin To Net: NetName=CAM_D4 Pin=A1-4
Added Pin To Net: NetName=CAM_D4 Pin=HEADER1-7
Added Net: Name=CAM_D4
Added Pin To Net: NetName=CAM_D5 Pin=A1-5
Added Pin To Net: NetName=CAM_D5 Pin=HEADER1-9
Added Net: Name=CAM_D5
Added Pin To Net: NetName=CAM_D6 Pin=A1-6
Added Pin To Net: NetName=CAM_D6 Pin=HEADER1-11
Added Net: Name=CAM_D6
Added Pin To Net: NetName=CAM_D7 Pin=A1-7
Added Pin To Net: NetName=CAM_D7 Pin=HEADER1-13
Added Net: Name=CAM_D7
Added Pin To Net: NetName=CAM_HREF Pin=A1-37
Added Pin To Net: NetName=CAM_HREF Pin=HEADER1-16
Added Net: Name=CAM_HREF
Added Pin To Net: NetName=CAM_PCLK Pin=A1-36
Added Pin To Net: NetName=CAM_PCLK Pin=C5-2
Added Pin To Net: NetName=CAM_PCLK Pin=HEADER1-8
Added Net: Name=CAM_PCLK
Added Pin To Net: NetName=CAM_RST Pin=C10-1
Added Pin To Net: NetName=CAM_RST Pin=HEADER1-19
Added Pin To Net: NetName=CAM_RST Pin=R11-2
Added Net: Name=CAM_RST
Added Pin To Net: NetName=CAM_SCK Pin=R12-2
Added Net: Name=CAM_SCK
Added Pin To Net: NetName=CAM_SCL Pin=A1-12
Added Pin To Net: NetName=CAM_SCL Pin=HEADER1-20
Added Net: Name=CAM_SCL
Added Pin To Net: NetName=CAM_SDA Pin=A1-11
Added Pin To Net: NetName=CAM_SDA Pin=HEADER1-22
Added Pin To Net: NetName=CAM_SDA Pin=R14-2
Added Net: Name=CAM_SDA
Added Pin To Net: NetName=CAM_VSYNC Pin=A1-10
Added Pin To Net: NetName=CAM_VSYNC Pin=HEADER1-18
Added Net: Name=CAM_VSYNC
Added Pin To Net: NetName=CAM_XCLK Pin=A1-33
Added Pin To Net: NetName=CAM_XCLK Pin=HEADER1-12
Added Net: Name=CAM_XCLK
Added Pin To Net: NetName=CSI_1.2V Pin=C24-1
Added Pin To Net: NetName=CSI_1.2V Pin=C25-1
Added Pin To Net: NetName=CSI_1.2V Pin=HEADER1-15
Added Pin To Net: NetName=CSI_1.2V Pin=RG2-2
Added Net: Name=CSI_1.2V
Added Pin To Net: NetName=CSI_2.8V Pin=C20-1
Added Pin To Net: NetName=CSI_2.8V Pin=C21-1
Added Pin To Net: NetName=CSI_2.8V Pin=HEADER1-21
Added Pin To Net: NetName=CSI_2.8V Pin=RG1-2
Added Net: Name=CSI_2.8V
Added Pin To Net: NetName=E32 RST Pin=A1-3
Added Pin To Net: NetName=E32 RST Pin=C1-1
Added Pin To Net: NetName=E32 RST Pin=HEADER2-6
Added Pin To Net: NetName=E32 RST Pin=R1-1
Added Pin To Net: NetName=E32 RST Pin=RESET1-2
Added Net: Name=E32 RST
Added Pin To Net: NetName=ESP32_RX Pin=A1-34
Added Pin To Net: NetName=ESP32_RX Pin=HEADER2-4
Added Pin To Net: NetName=ESP32_RX Pin=LED1-2
Added Net: Name=ESP32_RX
Added Pin To Net: NetName=ESP32_TX Pin=A1-35
Added Pin To Net: NetName=ESP32_TX Pin=HEADER2-3
Added Net: Name=ESP32_TX
Added Pin To Net: NetName=GND Pin=1-3
Added Pin To Net: NetName=GND Pin=2-3
Added Pin To Net: NetName=GND Pin=A1-1
Added Pin To Net: NetName=GND Pin=A1-15
Added Pin To Net: NetName=GND Pin=A1-38
Added Pin To Net: NetName=GND Pin=BT1-2
Added Pin To Net: NetName=GND Pin=BUTTON1-2
Added Pin To Net: NetName=GND Pin=C1-2
Added Pin To Net: NetName=GND Pin=C2-2
Added Pin To Net: NetName=GND Pin=C3-2
Added Pin To Net: NetName=GND Pin=C5-1
Added Pin To Net: NetName=GND Pin=C6-1
Added Pin To Net: NetName=GND Pin=C7-2
Added Pin To Net: NetName=GND Pin=C8-2
Added Pin To Net: NetName=GND Pin=C9-2
Added Pin To Net: NetName=GND Pin=C13-2
Added Pin To Net: NetName=GND Pin=C14-2
Added Pin To Net: NetName=GND Pin=C15-1
Added Pin To Net: NetName=GND Pin=C16-2
Added Pin To Net: NetName=GND Pin=C17-2
Added Pin To Net: NetName=GND Pin=C19-2
Added Pin To Net: NetName=GND Pin=C20-2
Added Pin To Net: NetName=GND Pin=C21-2
Added Pin To Net: NetName=GND Pin=C22-2
Added Pin To Net: NetName=GND Pin=C23-2
Added Pin To Net: NetName=GND Pin=C24-2
Added Pin To Net: NetName=GND Pin=C25-2
Added Pin To Net: NetName=GND Pin=C26-2
Added Pin To Net: NetName=GND Pin=HEADER1-10
Added Pin To Net: NetName=GND Pin=HEADER1-23
Added Pin To Net: NetName=GND Pin=HEADER2-2
Added Pin To Net: NetName=GND Pin=HEADER3-3
Added Pin To Net: NetName=GND Pin=HEADER3-4
Added Pin To Net: NetName=GND Pin=IC1-4
Added Pin To Net: NetName=GND Pin=IC1-5
Added Pin To Net: NetName=GND Pin=LED2-2
Added Pin To Net: NetName=GND Pin=Q1-S
Added Pin To Net: NetName=GND Pin=Q2-2
Added Pin To Net: NetName=GND Pin=Q3-2
Added Pin To Net: NetName=GND Pin=R7-1
Added Pin To Net: NetName=GND Pin=R8-2
Added Pin To Net: NetName=GND Pin=R21-2
Added Pin To Net: NetName=GND Pin=R24-2
Added Pin To Net: NetName=GND Pin=R27-2
Added Pin To Net: NetName=GND Pin=RESET1-1
Added Pin To Net: NetName=GND Pin=RG1-1
Added Pin To Net: NetName=GND Pin=RG2-1
Added Pin To Net: NetName=GND Pin=U1-4
Added Pin To Net: NetName=GND Pin=U2-2
Added Pin To Net: NetName=GND Pin=U2-3
Added Pin To Net: NetName=GND Pin=U3-4
Added Pin To Net: NetName=GND Pin=U4-1
Added Net: Name=GND
Added Pin To Net: NetName=IN_DIGITAL Pin=A1-24
Added Pin To Net: NetName=IN_DIGITAL Pin=R17-2
Added Pin To Net: NetName=IN_DIGITAL Pin=U2-4
Added Net: Name=IN_DIGITAL
Added Pin To Net: NetName=INPUT_DIGITAL Pin=HEADER3-8
Added Pin To Net: NetName=INPUT_DIGITAL Pin=R19-2
Added Net: Name=INPUT_DIGITAL
Added Pin To Net: NetName=MOTOR Pin=F3-2
Added Pin To Net: NetName=MOTOR Pin=HEADER3-7
Added Net: Name=MOTOR
Added Pin To Net: NetName=Net1_1 Pin=1-1
Added Pin To Net: NetName=Net1_1 Pin=F2-1
Added Pin To Net: NetName=Net1_1 Pin=IC1-6
Added Pin To Net: NetName=Net1_1 Pin=R9-2
Added Pin To Net: NetName=Net1_1 Pin=R13-1
Added Net: Name=Net1_1
Added Pin To Net: NetName=Net1_2 Pin=1-2
Added Pin To Net: NetName=Net1_2 Pin=F1-1
Added Pin To Net: NetName=Net1_2 Pin=IC1-7
Added Pin To Net: NetName=Net1_2 Pin=R7-2
Added Pin To Net: NetName=Net1_2 Pin=R9-1
Added Net: Name=Net1_2
Added Pin To Net: NetName=NetBT1_1 Pin=BT1-1
Added Pin To Net: NetName=NetBT1_1 Pin=U1-3
Added Net: Name=NetBT1_1
Added Pin To Net: NetName=NetC9_1 Pin=C9-1
Added Pin To Net: NetName=NetC9_1 Pin=Q1-G
Added Pin To Net: NetName=NetC9_1 Pin=R10-2
Added Net: Name=NetC9_1
Added Pin To Net: NetName=NetC11_2 Pin=C11-2
Added Pin To Net: NetName=NetC11_2 Pin=D1-A
Added Pin To Net: NetName=NetC11_2 Pin=LED3-2
Added Pin To Net: NetName=NetC11_2 Pin=Q2-3
Added Pin To Net: NetName=NetC11_2 Pin=RL1-4
Added Net: Name=NetC11_2
Added Pin To Net: NetName=NetC12_1 Pin=C12-1
Added Pin To Net: NetName=NetC12_1 Pin=U3-1
Added Net: Name=NetC12_1
Added Pin To Net: NetName=NetC12_2 Pin=C12-2
Added Pin To Net: NetName=NetC12_2 Pin=L1-1
Added Pin To Net: NetName=NetC12_2 Pin=U3-3
Added Net: Name=NetC12_2
Added Pin To Net: NetName=NetC17_1 Pin=C17-1
Added Pin To Net: NetName=NetC17_1 Pin=U3-8
Added Net: Name=NetC17_1
Added Pin To Net: NetName=NetC18_1 Pin=C18-1
Added Pin To Net: NetName=NetC18_1 Pin=D2-A
Added Pin To Net: NetName=NetC18_1 Pin=LED4-2
Added Pin To Net: NetName=NetC18_1 Pin=Q3-3
Added Pin To Net: NetName=NetC18_1 Pin=RL2-4
Added Net: Name=NetC18_1
Added Pin To Net: NetName=NetF3_1 Pin=F3-1
Added Pin To Net: NetName=NetF3_1 Pin=RL1-3
Added Net: Name=NetF3_1
Added Pin To Net: NetName=NetF4_1 Pin=F4-1
Added Pin To Net: NetName=NetF4_1 Pin=RL2-3
Added Net: Name=NetF4_1
Added Pin To Net: NetName=NetF4_2 Pin=F4-2
Added Pin To Net: NetName=NetF4_2 Pin=P2-1
Added Net: Name=NetF4_2
Added Pin To Net: NetName=NetHEADER1_17 Pin=HEADER1-17
Added Pin To Net: NetName=NetHEADER1_17 Pin=R8-1
Added Net: Name=NetHEADER1_17
Added Pin To Net: NetName=NetIC1_2 Pin=IC1-2
Added Pin To Net: NetName=NetIC1_2 Pin=IC1-3
Added Pin To Net: NetName=NetIC1_2 Pin=Q1-D
Added Pin To Net: NetName=NetIC1_2 Pin=R5-2
Added Net: Name=NetIC1_2
Added Pin To Net: NetName=NetLED1_1 Pin=LED1-1
Added Pin To Net: NetName=NetLED1_1 Pin=R15-1
Added Net: Name=NetLED1_1
Added Pin To Net: NetName=NetLED2_1 Pin=LED2-1
Added Pin To Net: NetName=NetLED2_1 Pin=R16-1
Added Net: Name=NetLED2_1
Added Pin To Net: NetName=NetLED3_1 Pin=LED3-1
Added Pin To Net: NetName=NetLED3_1 Pin=R18-1
Added Net: Name=NetLED3_1
Added Pin To Net: NetName=NetLED4_1 Pin=LED4-1
Added Pin To Net: NetName=NetLED4_1 Pin=R25-1
Added Net: Name=NetLED4_1
Added Pin To Net: NetName=NetQ2_1 Pin=Q2-1
Added Pin To Net: NetName=NetQ2_1 Pin=R20-2
Added Pin To Net: NetName=NetQ2_1 Pin=R21-1
Added Net: Name=NetQ2_1
Added Pin To Net: NetName=NetQ3_1 Pin=Q3-1
Added Pin To Net: NetName=NetQ3_1 Pin=R26-2
Added Pin To Net: NetName=NetQ3_1 Pin=R27-1
Added Net: Name=NetQ3_1
Added Pin To Net: NetName=NetR19_1 Pin=R19-1
Added Pin To Net: NetName=NetR19_1 Pin=U2-1
Added Net: Name=NetR19_1
Added Pin To Net: NetName=NetR22_1 Pin=R22-1
Added Pin To Net: NetName=NetR22_1 Pin=U3-7
Added Net: Name=NetR22_1
Added Pin To Net: NetName=NetR23_2 Pin=R23-2
Added Pin To Net: NetName=NetR23_2 Pin=R24-1
Added Pin To Net: NetName=NetR23_2 Pin=U3-5
Added Net: Name=NetR23_2
Added Pin To Net: NetName=NetU1_1 Pin=U1-1
Added Pin To Net: NetName=NetU1_1 Pin=Y1-2
Added Net: Name=NetU1_1
Added Pin To Net: NetName=NetU1_2 Pin=U1-2
Added Pin To Net: NetName=NetU1_2 Pin=Y1-1
Added Net: Name=NetU1_2
Added Pin To Net: NetName=RL_220 Pin=A1-23
Added Pin To Net: NetName=RL_220 Pin=R26-1
Added Net: Name=RL_220
Added Pin To Net: NetName=RL_M Pin=A1-13
Added Pin To Net: NetName=RL_M Pin=R20-1
Added Net: Name=RL_M
Added Pin To Net: NetName=RS485_RX Pin=A1-14
Added Pin To Net: NetName=RS485_RX Pin=IC1-1
Added Pin To Net: NetName=RS485_RX Pin=R6-2
Added Net: Name=RS485_RX
Added Pin To Net: NetName=RS485_TX Pin=A1-16
Added Pin To Net: NetName=RS485_TX Pin=R10-1
Added Net: Name=RS485_TX
Added Pin To Net: NetName=RS485 A Pin=F2-2
Added Pin To Net: NetName=RS485 A Pin=HEADER3-5
Added Net: Name=RS485 A
Added Pin To Net: NetName=RS485 B Pin=F1-2
Added Pin To Net: NetName=RS485 B Pin=HEADER3-6
Added Net: Name=RS485 B
Added Pin To Net: NetName=RTC_SCL Pin=A1-9
Added Pin To Net: NetName=RTC_SCL Pin=R2-2
Added Pin To Net: NetName=RTC_SCL Pin=U1-6
Added Net: Name=RTC_SCL
Added Pin To Net: NetName=RTC_SDA Pin=A1-8
Added Pin To Net: NetName=RTC_SDA Pin=R3-2
Added Pin To Net: NetName=RTC_SDA Pin=U1-5
Added Net: Name=RTC_SDA
Added Class: Name=Sheet1
Added Room: Name=Sheet1
